30-09-2021 09:17:44.223 [restartedMain] [INFO ] i.g.m.p.ApiProdutoApplication - Starting ApiProdutoApplication using Java 11.0.11 on CTNDELL55WP8F3 with PID 13420 (C:\Users\guilherme.assis\eclipse-workspace\microservice_produto\target\classes started by guilherme.assis in C:\Users\guilherme.assis\eclipse-workspace\microservice_produto)
30-09-2021 09:17:44.225 [restartedMain] [INFO ] i.g.m.p.ApiProdutoApplication - No active profile set, falling back to default profiles: default
30-09-2021 09:17:49.887 [restartedMain] [INFO ] i.g.m.p.ApiProdutoApplication - Started ApiProdutoApplication in 6.175 seconds (JVM running for 7.368)
30-09-2021 09:29:38.838 [restartedMain] [INFO ] i.g.m.p.ApiProdutoApplication - Starting ApiProdutoApplication using Java 11.0.11 on CTNDELL55WP8F3 with PID 13420 (C:\Users\guilherme.assis\eclipse-workspace\microservice_produto\target\classes started by guilherme.assis in C:\Users\guilherme.assis\eclipse-workspace\microservice_produto)
30-09-2021 09:29:38.839 [restartedMain] [INFO ] i.g.m.p.ApiProdutoApplication - No active profile set, falling back to default profiles: default
30-09-2021 09:29:39.777 [restartedMain] [INFO ] i.g.m.p.ApiProdutoApplication - Started ApiProdutoApplication in 0.969 seconds (JVM running for 717.258)
30-09-2021 09:36:15.354 [restartedMain] [INFO ] i.g.m.p.ApiProdutoApplication - Starting ApiProdutoApplication using Java 11.0.11 on CTNDELL55WP8F3 with PID 5052 (C:\Users\guilherme.assis\eclipse-workspace\microservice_produto\target\classes started by guilherme.assis in C:\Users\guilherme.assis\eclipse-workspace\microservice_produto)
30-09-2021 09:36:15.357 [restartedMain] [INFO ] i.g.m.p.ApiProdutoApplication - No active profile set, falling back to default profiles: default
30-09-2021 09:36:19.985 [restartedMain] [INFO ] i.g.m.p.ApiProdutoApplication - Started ApiProdutoApplication in 5.027 seconds (JVM running for 5.901)
30-09-2021 09:40:50.343 [restartedMain] [INFO ] i.g.m.p.ApiProdutoApplication - Starting ApiProdutoApplication using Java 11.0.11 on CTNDELL55WP8F3 with PID 5052 (C:\Users\guilherme.assis\eclipse-workspace\microservice_produto\target\classes started by guilherme.assis in C:\Users\guilherme.assis\eclipse-workspace\microservice_produto)
30-09-2021 09:40:50.344 [restartedMain] [INFO ] i.g.m.p.ApiProdutoApplication - No active profile set, falling back to default profiles: default
30-09-2021 09:40:51.270 [restartedMain] [INFO ] i.g.m.p.ApiProdutoApplication - Started ApiProdutoApplication in 0.957 seconds (JVM running for 277.186)
30-09-2021 09:58:43.275 [restartedMain] [INFO ] i.g.m.p.ApiProdutoApplication - Starting ApiProdutoApplication using Java 11.0.11 on CTNDELL55WP8F3 with PID 17644 (C:\Users\guilherme.assis\eclipse-workspace\microservice_produto\target\classes started by guilherme.assis in C:\Users\guilherme.assis\eclipse-workspace\microservice_produto)
30-09-2021 09:58:43.277 [restartedMain] [INFO ] i.g.m.p.ApiProdutoApplication - No active profile set, falling back to default profiles: default
30-09-2021 09:58:47.843 [restartedMain] [INFO ] i.g.m.p.ApiProdutoApplication - Started ApiProdutoApplication in 4.928 seconds (JVM running for 5.75)
30-09-2021 10:28:19.058 [restartedMain] [INFO ] i.g.m.p.ApiProdutoApplication - Starting ApiProdutoApplication using Java 11.0.11 on CTNDELL55WP8F3 with PID 17644 (C:\Users\guilherme.assis\eclipse-workspace\microservice_produto\target\classes started by guilherme.assis in C:\Users\guilherme.assis\eclipse-workspace\microservice_produto)
30-09-2021 10:28:19.058 [restartedMain] [INFO ] i.g.m.p.ApiProdutoApplication - No active profile set, falling back to default profiles: default
30-09-2021 10:28:20.008 [restartedMain] [INFO ] i.g.m.p.ApiProdutoApplication - Started ApiProdutoApplication in 0.983 seconds (JVM running for 1777.916)
30-09-2021 10:35:41.283 [restartedMain] [INFO ] i.g.m.p.ApiProdutoApplication - Starting ApiProdutoApplication using Java 11.0.11 on CTNDELL55WP8F3 with PID 7644 (C:\Users\guilherme.assis\eclipse-workspace\microservice_produto\target\classes started by guilherme.assis in C:\Users\guilherme.assis\eclipse-workspace\microservice_produto)
30-09-2021 10:35:41.286 [restartedMain] [INFO ] i.g.m.p.ApiProdutoApplication - No active profile set, falling back to default profiles: default
30-09-2021 10:35:45.789 [restartedMain] [INFO ] i.g.m.p.ApiProdutoApplication - Started ApiProdutoApplication in 4.873 seconds (JVM running for 5.737)
30-09-2021 10:37:09.280 [http-nio-9000-exec-4] [INFO ] i.g.m.p.s.ProductService - [Product(id=74, nome=Anador, marca=Generico, descricao=caixa com 6 comprimidos, preco=19.99)]
30-09-2021 10:37:09.291 [http-nio-9000-exec-4] [INFO ] i.g.m.p.c.ProductController - [ProductDtoResponse(id=74, nome=Anador, marca=Generico, descricao=caixa com 6 comprimidos, preco=19.99)]
30-09-2021 10:37:23.200 [http-nio-9000-exec-5] [INFO ] i.g.m.p.s.ProductService - [Product(id=60, nome=Anador, marca=Generico, descricao=caixa com 6 comprimidos, preco=19.99)]
30-09-2021 10:37:23.219 [http-nio-9000-exec-5] [INFO ] i.g.m.p.c.ProductController - [60]
30-09-2021 10:37:28.502 [http-nio-9000-exec-6] [INFO ] i.g.m.p.s.ProductService - [Product(id=61, nome=Anador, marca=Generico, descricao=caixa com 6 comprimidos, preco=19.99)]
30-09-2021 10:37:28.506 [http-nio-9000-exec-6] [INFO ] i.g.m.p.c.ProductController - [61]
30-09-2021 10:38:00.167 [http-nio-9000-exec-7] [INFO ] i.g.m.p.s.ProductService - [Product(id=13, nome=Mouse, marca=Rede vida, descricao=caixa com 8 comprimidos, preco=3.99)]
30-09-2021 10:38:00.174 [http-nio-9000-exec-7] [INFO ] i.g.m.p.c.ProductController - [ProductDtoResponse(id=13, nome=Mouse, marca=Rede vida, descricao=caixa com 8 comprimidos, preco=3.99)]
30-09-2021 10:44:58.787 [restartedMain] [INFO ] i.g.m.p.ApiProdutoApplication - Starting ApiProdutoApplication using Java 11.0.11 on CTNDELL55WP8F3 with PID 7644 (C:\Users\guilherme.assis\eclipse-workspace\microservice_produto\target\classes started by guilherme.assis in C:\Users\guilherme.assis\eclipse-workspace\microservice_produto)
30-09-2021 10:44:58.787 [restartedMain] [INFO ] i.g.m.p.ApiProdutoApplication - No active profile set, falling back to default profiles: default
30-09-2021 10:44:59.883 [restartedMain] [INFO ] i.g.m.p.ApiProdutoApplication - Started ApiProdutoApplication in 1.125 seconds (JVM running for 559.83)
30-09-2021 10:48:37.448 [restartedMain] [INFO ] i.g.m.p.ApiProdutoApplication - Starting ApiProdutoApplication using Java 11.0.11 on CTNDELL55WP8F3 with PID 7644 (C:\Users\guilherme.assis\eclipse-workspace\microservice_produto\target\classes started by guilherme.assis in C:\Users\guilherme.assis\eclipse-workspace\microservice_produto)
30-09-2021 10:48:37.448 [restartedMain] [INFO ] i.g.m.p.ApiProdutoApplication - No active profile set, falling back to default profiles: default
30-09-2021 10:48:38.341 [restartedMain] [INFO ] i.g.m.p.ApiProdutoApplication - Started ApiProdutoApplication in 0.922 seconds (JVM running for 778.282)
30-09-2021 10:49:13.998 [restartedMain] [INFO ] i.g.m.p.ApiProdutoApplication - Starting ApiProdutoApplication using Java 11.0.11 on CTNDELL55WP8F3 with PID 7644 (C:\Users\guilherme.assis\eclipse-workspace\microservice_produto\target\classes started by guilherme.assis in C:\Users\guilherme.assis\eclipse-workspace\microservice_produto)
30-09-2021 10:49:13.998 [restartedMain] [INFO ] i.g.m.p.ApiProdutoApplication - No active profile set, falling back to default profiles: default
30-09-2021 10:49:14.915 [restartedMain] [INFO ] i.g.m.p.ApiProdutoApplication - Started ApiProdutoApplication in 0.949 seconds (JVM running for 814.853)
30-09-2021 10:54:01.636 [restartedMain] [INFO ] i.g.m.p.ApiProdutoApplication - Starting ApiProdutoApplication using Java 11.0.11 on CTNDELL55WP8F3 with PID 7644 (C:\Users\guilherme.assis\eclipse-workspace\microservice_produto\target\classes started by guilherme.assis in C:\Users\guilherme.assis\eclipse-workspace\microservice_produto)
30-09-2021 10:54:01.636 [restartedMain] [INFO ] i.g.m.p.ApiProdutoApplication - No active profile set, falling back to default profiles: default
30-09-2021 10:54:02.478 [restartedMain] [INFO ] i.g.m.p.ApiProdutoApplication - Started ApiProdutoApplication in 0.869 seconds (JVM running for 1102.402)
30-09-2021 11:08:04.430 [restartedMain] [INFO ] i.g.m.p.ApiProdutoApplication - Starting ApiProdutoApplication using Java 11.0.11 on CTNDELL55WP8F3 with PID 7644 (C:\Users\guilherme.assis\eclipse-workspace\microservice_produto\target\classes started by guilherme.assis in C:\Users\guilherme.assis\eclipse-workspace\microservice_produto)
30-09-2021 11:08:04.430 [restartedMain] [INFO ] i.g.m.p.ApiProdutoApplication - No active profile set, falling back to default profiles: default
30-09-2021 11:08:05.315 [restartedMain] [INFO ] i.g.m.p.ApiProdutoApplication - Started ApiProdutoApplication in 0.912 seconds (JVM running for 1945.227)
30-09-2021 11:09:37.263 [restartedMain] [INFO ] i.g.m.p.ApiProdutoApplication - Starting ApiProdutoApplication using Java 11.0.11 on CTNDELL55WP8F3 with PID 7644 (C:\Users\guilherme.assis\eclipse-workspace\microservice_produto\target\classes started by guilherme.assis in C:\Users\guilherme.assis\eclipse-workspace\microservice_produto)
30-09-2021 11:09:37.263 [restartedMain] [INFO ] i.g.m.p.ApiProdutoApplication - No active profile set, falling back to default profiles: default
30-09-2021 11:09:38.119 [restartedMain] [INFO ] i.g.m.p.ApiProdutoApplication - Started ApiProdutoApplication in 0.882 seconds (JVM running for 2038.031)
30-09-2021 11:11:57.111 [http-nio-9000-exec-9] [INFO ] i.g.m.p.s.ProductService - [[Product(id=28, nome=Anador, marca=Generico, descricao=Anador com 40 comprimidos, preco=0.00), Product(id=74, nome=Anador, marca=Generico, descricao=caixa com 6 comprimidos, preco=19.99), Product(id=27, nome=Anador, marca=Generico, descricao=Anador com 40 comprimidos, preco=50.00), Product(id=29, nome=Anador, marca=Generico, descricao=Anador com 40 comprimidos, preco=0.01), Product(id=30, nome=Anador, marca=Generico, descricao=Anador com 40 comprimidos, preco=0.00)]]
30-09-2021 11:11:57.114 [http-nio-9000-exec-9] [INFO ] i.g.m.p.c.ProductController - [[ProductDtoResponse(id=28, nome=Anador, marca=Generico, descricao=Anador com 40 comprimidos, preco=0.00), ProductDtoResponse(id=74, nome=Anador, marca=Generico, descricao=caixa com 6 comprimidos, preco=19.99), ProductDtoResponse(id=27, nome=Anador, marca=Generico, descricao=Anador com 40 comprimidos, preco=50.00), ProductDtoResponse(id=29, nome=Anador, marca=Generico, descricao=Anador com 40 comprimidos, preco=0.01), ProductDtoResponse(id=30, nome=Anador, marca=Generico, descricao=Anador com 40 comprimidos, preco=0.00)]]
30-09-2021 11:30:48.067 [restartedMain] [INFO ] i.g.m.p.ApiProdutoApplication - Starting ApiProdutoApplication using Java 11.0.11 on CTNDELL55WP8F3 with PID 7644 (C:\Users\guilherme.assis\eclipse-workspace\microservice_produto\target\classes started by guilherme.assis in C:\Users\guilherme.assis\eclipse-workspace\microservice_produto)
30-09-2021 11:30:48.068 [restartedMain] [INFO ] i.g.m.p.ApiProdutoApplication - No active profile set, falling back to default profiles: default
30-09-2021 11:30:48.998 [restartedMain] [INFO ] i.g.m.p.ApiProdutoApplication - Started ApiProdutoApplication in 0.962 seconds (JVM running for 3308.909)
30-09-2021 11:33:43.650 [restartedMain] [INFO ] i.g.m.p.ApiProdutoApplication - Starting ApiProdutoApplication using Java 11.0.11 on CTNDELL55WP8F3 with PID 7644 (C:\Users\guilherme.assis\eclipse-workspace\microservice_produto\target\classes started by guilherme.assis in C:\Users\guilherme.assis\eclipse-workspace\microservice_produto)
30-09-2021 11:33:43.650 [restartedMain] [INFO ] i.g.m.p.ApiProdutoApplication - No active profile set, falling back to default profiles: default
30-09-2021 11:33:44.530 [restartedMain] [INFO ] i.g.m.p.ApiProdutoApplication - Started ApiProdutoApplication in 0.908 seconds (JVM running for 3484.442)
30-09-2021 11:34:49.760 [restartedMain] [INFO ] i.g.m.p.ApiProdutoApplication - Starting ApiProdutoApplication using Java 11.0.11 on CTNDELL55WP8F3 with PID 7644 (C:\Users\guilherme.assis\eclipse-workspace\microservice_produto\target\classes started by guilherme.assis in C:\Users\guilherme.assis\eclipse-workspace\microservice_produto)
30-09-2021 11:34:49.760 [restartedMain] [INFO ] i.g.m.p.ApiProdutoApplication - No active profile set, falling back to default profiles: default
30-09-2021 11:34:50.663 [restartedMain] [INFO ] i.g.m.p.ApiProdutoApplication - Started ApiProdutoApplication in 0.937 seconds (JVM running for 3550.574)
30-09-2021 11:35:26.096 [restartedMain] [INFO ] i.g.m.p.ApiProdutoApplication - Starting ApiProdutoApplication using Java 11.0.11 on CTNDELL55WP8F3 with PID 7644 (C:\Users\guilherme.assis\eclipse-workspace\microservice_produto\target\classes started by guilherme.assis in C:\Users\guilherme.assis\eclipse-workspace\microservice_produto)
30-09-2021 11:35:26.096 [restartedMain] [INFO ] i.g.m.p.ApiProdutoApplication - No active profile set, falling back to default profiles: default
30-09-2021 11:35:27.021 [restartedMain] [INFO ] i.g.m.p.ApiProdutoApplication - Started ApiProdutoApplication in 0.953 seconds (JVM running for 3586.933)
30-09-2021 11:37:29.436 [restartedMain] [INFO ] i.g.m.p.ApiProdutoApplication - Starting ApiProdutoApplication using Java 11.0.11 on CTNDELL55WP8F3 with PID 7644 (C:\Users\guilherme.assis\eclipse-workspace\microservice_produto\target\classes started by guilherme.assis in C:\Users\guilherme.assis\eclipse-workspace\microservice_produto)
30-09-2021 11:37:29.436 [restartedMain] [INFO ] i.g.m.p.ApiProdutoApplication - No active profile set, falling back to default profiles: default
30-09-2021 11:37:30.348 [restartedMain] [INFO ] i.g.m.p.ApiProdutoApplication - Started ApiProdutoApplication in 0.938 seconds (JVM running for 3710.259)
30-09-2021 11:38:07.835 [restartedMain] [INFO ] i.g.m.p.ApiProdutoApplication - Starting ApiProdutoApplication using Java 11.0.11 on CTNDELL55WP8F3 with PID 7644 (C:\Users\guilherme.assis\eclipse-workspace\microservice_produto\target\classes started by guilherme.assis in C:\Users\guilherme.assis\eclipse-workspace\microservice_produto)
30-09-2021 11:38:07.835 [restartedMain] [INFO ] i.g.m.p.ApiProdutoApplication - No active profile set, falling back to default profiles: default
30-09-2021 11:38:08.728 [restartedMain] [INFO ] i.g.m.p.ApiProdutoApplication - Started ApiProdutoApplication in 0.919 seconds (JVM running for 3748.639)
30-09-2021 11:38:55.455 [restartedMain] [INFO ] i.g.m.p.ApiProdutoApplication - Starting ApiProdutoApplication using Java 11.0.11 on CTNDELL55WP8F3 with PID 7644 (C:\Users\guilherme.assis\eclipse-workspace\microservice_produto\target\classes started by guilherme.assis in C:\Users\guilherme.assis\eclipse-workspace\microservice_produto)
30-09-2021 11:38:55.455 [restartedMain] [INFO ] i.g.m.p.ApiProdutoApplication - No active profile set, falling back to default profiles: default
30-09-2021 11:38:56.310 [restartedMain] [INFO ] i.g.m.p.ApiProdutoApplication - Started ApiProdutoApplication in 0.881 seconds (JVM running for 3796.222)
30-09-2021 11:44:27.805 [restartedMain] [INFO ] i.g.m.p.ApiProdutoApplication - Starting ApiProdutoApplication using Java 11.0.11 on CTNDELL55WP8F3 with PID 7644 (C:\Users\guilherme.assis\eclipse-workspace\microservice_produto\target\classes started by guilherme.assis in C:\Users\guilherme.assis\eclipse-workspace\microservice_produto)
30-09-2021 11:44:27.805 [restartedMain] [INFO ] i.g.m.p.ApiProdutoApplication - No active profile set, falling back to default profiles: default
30-09-2021 11:44:28.652 [restartedMain] [INFO ] i.g.m.p.ApiProdutoApplication - Started ApiProdutoApplication in 0.873 seconds (JVM running for 4128.563)
30-09-2021 11:44:57.029 [restartedMain] [INFO ] i.g.m.p.ApiProdutoApplication - Starting ApiProdutoApplication using Java 11.0.11 on CTNDELL55WP8F3 with PID 7644 (C:\Users\guilherme.assis\eclipse-workspace\microservice_produto\target\classes started by guilherme.assis in C:\Users\guilherme.assis\eclipse-workspace\microservice_produto)
30-09-2021 11:44:57.029 [restartedMain] [INFO ] i.g.m.p.ApiProdutoApplication - No active profile set, falling back to default profiles: default
30-09-2021 11:44:57.984 [restartedMain] [INFO ] i.g.m.p.ApiProdutoApplication - Started ApiProdutoApplication in 0.984 seconds (JVM running for 4157.895)
30-09-2021 11:46:00.133 [restartedMain] [INFO ] i.g.m.p.ApiProdutoApplication - Starting ApiProdutoApplication using Java 11.0.11 on CTNDELL55WP8F3 with PID 7644 (C:\Users\guilherme.assis\eclipse-workspace\microservice_produto\target\classes started by guilherme.assis in C:\Users\guilherme.assis\eclipse-workspace\microservice_produto)
30-09-2021 11:46:00.133 [restartedMain] [INFO ] i.g.m.p.ApiProdutoApplication - No active profile set, falling back to default profiles: default
30-09-2021 11:46:00.993 [restartedMain] [INFO ] i.g.m.p.ApiProdutoApplication - Started ApiProdutoApplication in 0.881 seconds (JVM running for 4220.904)
30-09-2021 11:47:00.148 [restartedMain] [INFO ] i.g.m.p.ApiProdutoApplication - Starting ApiProdutoApplication using Java 11.0.11 on CTNDELL55WP8F3 with PID 7644 (C:\Users\guilherme.assis\eclipse-workspace\microservice_produto\target\classes started by guilherme.assis in C:\Users\guilherme.assis\eclipse-workspace\microservice_produto)
30-09-2021 11:47:00.148 [restartedMain] [INFO ] i.g.m.p.ApiProdutoApplication - No active profile set, falling back to default profiles: default
30-09-2021 11:47:11.540 [restartedMain] [INFO ] i.g.m.p.ApiProdutoApplication - Starting ApiProdutoApplication using Java 11.0.11 on CTNDELL55WP8F3 with PID 7644 (C:\Users\guilherme.assis\eclipse-workspace\microservice_produto\target\classes started by guilherme.assis in C:\Users\guilherme.assis\eclipse-workspace\microservice_produto)
30-09-2021 11:47:11.540 [restartedMain] [INFO ] i.g.m.p.ApiProdutoApplication - No active profile set, falling back to default profiles: default
30-09-2021 11:47:12.387 [restartedMain] [INFO ] i.g.m.p.ApiProdutoApplication - Started ApiProdutoApplication in 0.869 seconds (JVM running for 4292.297)
30-09-2021 11:48:30.914 [restartedMain] [INFO ] i.g.m.p.ApiProdutoApplication - Starting ApiProdutoApplication using Java 11.0.11 on CTNDELL55WP8F3 with PID 7644 (C:\Users\guilherme.assis\eclipse-workspace\microservice_produto\target\classes started by guilherme.assis in C:\Users\guilherme.assis\eclipse-workspace\microservice_produto)
30-09-2021 11:48:30.914 [restartedMain] [INFO ] i.g.m.p.ApiProdutoApplication - No active profile set, falling back to default profiles: default
30-09-2021 11:48:31.911 [restartedMain] [INFO ] i.g.m.p.ApiProdutoApplication - Started ApiProdutoApplication in 1.019 seconds (JVM running for 4371.817)
30-09-2021 11:49:34.105 [restartedMain] [INFO ] i.g.m.p.ApiProdutoApplication - Starting ApiProdutoApplication using Java 11.0.11 on CTNDELL55WP8F3 with PID 7644 (C:\Users\guilherme.assis\eclipse-workspace\microservice_produto\target\classes started by guilherme.assis in C:\Users\guilherme.assis\eclipse-workspace\microservice_produto)
30-09-2021 11:49:34.105 [restartedMain] [INFO ] i.g.m.p.ApiProdutoApplication - No active profile set, falling back to default profiles: default
30-09-2021 11:49:34.951 [restartedMain] [INFO ] i.g.m.p.ApiProdutoApplication - Started ApiProdutoApplication in 0.867 seconds (JVM running for 4434.854)
30-09-2021 11:57:23.922 [restartedMain] [INFO ] i.g.m.p.ApiProdutoApplication - Starting ApiProdutoApplication using Java 11.0.11 on CTNDELL55WP8F3 with PID 7644 (C:\Users\guilherme.assis\eclipse-workspace\microservice_produto\target\classes started by guilherme.assis in C:\Users\guilherme.assis\eclipse-workspace\microservice_produto)
30-09-2021 11:57:23.922 [restartedMain] [INFO ] i.g.m.p.ApiProdutoApplication - No active profile set, falling back to default profiles: default
30-09-2021 11:57:24.806 [restartedMain] [INFO ] i.g.m.p.ApiProdutoApplication - Started ApiProdutoApplication in 0.906 seconds (JVM running for 4904.693)
30-09-2021 11:59:28.607 [restartedMain] [INFO ] i.g.m.p.ApiProdutoApplication - Starting ApiProdutoApplication using Java 11.0.11 on CTNDELL55WP8F3 with PID 7644 (C:\Users\guilherme.assis\eclipse-workspace\microservice_produto\target\classes started by guilherme.assis in C:\Users\guilherme.assis\eclipse-workspace\microservice_produto)
30-09-2021 11:59:28.608 [restartedMain] [INFO ] i.g.m.p.ApiProdutoApplication - No active profile set, falling back to default profiles: default
30-09-2021 11:59:29.488 [restartedMain] [INFO ] i.g.m.p.ApiProdutoApplication - Started ApiProdutoApplication in 0.9 seconds (JVM running for 5029.373)
30-09-2021 13:11:13.313 [restartedMain] [INFO ] i.g.m.p.ApiProdutoApplication - Starting ApiProdutoApplication using Java 11.0.11 on CTNDELL55WP8F3 with PID 7644 (C:\Users\guilherme.assis\eclipse-workspace\microservice_produto\target\classes started by guilherme.assis in C:\Users\guilherme.assis\eclipse-workspace\microservice_produto)
30-09-2021 13:11:13.313 [restartedMain] [INFO ] i.g.m.p.ApiProdutoApplication - No active profile set, falling back to default profiles: default
30-09-2021 13:11:14.266 [restartedMain] [INFO ] i.g.m.p.ApiProdutoApplication - Started ApiProdutoApplication in 0.978 seconds (JVM running for 9334.148)
30-09-2021 13:13:20.170 [restartedMain] [INFO ] i.g.m.p.ApiProdutoApplication - Starting ApiProdutoApplication using Java 11.0.11 on CTNDELL55WP8F3 with PID 7644 (C:\Users\guilherme.assis\eclipse-workspace\microservice_produto\target\classes started by guilherme.assis in C:\Users\guilherme.assis\eclipse-workspace\microservice_produto)
30-09-2021 13:13:20.170 [restartedMain] [INFO ] i.g.m.p.ApiProdutoApplication - No active profile set, falling back to default profiles: default
30-09-2021 13:13:21.008 [restartedMain] [INFO ] i.g.m.p.ApiProdutoApplication - Started ApiProdutoApplication in 0.859 seconds (JVM running for 9460.876)
30-09-2021 13:15:07.683 [restartedMain] [INFO ] i.g.m.p.ApiProdutoApplication - Starting ApiProdutoApplication using Java 11.0.11 on CTNDELL55WP8F3 with PID 7644 (C:\Users\guilherme.assis\eclipse-workspace\microservice_produto\target\classes started by guilherme.assis in C:\Users\guilherme.assis\eclipse-workspace\microservice_produto)
30-09-2021 13:15:07.683 [restartedMain] [INFO ] i.g.m.p.ApiProdutoApplication - No active profile set, falling back to default profiles: default
30-09-2021 13:15:08.512 [restartedMain] [INFO ] i.g.m.p.ApiProdutoApplication - Started ApiProdutoApplication in 0.85 seconds (JVM running for 9568.366)
30-09-2021 13:15:20.455 [restartedMain] [INFO ] i.g.m.p.ApiProdutoApplication - Starting ApiProdutoApplication using Java 11.0.11 on CTNDELL55WP8F3 with PID 7644 (C:\Users\guilherme.assis\eclipse-workspace\microservice_produto\target\classes started by guilherme.assis in C:\Users\guilherme.assis\eclipse-workspace\microservice_produto)
30-09-2021 13:15:20.455 [restartedMain] [INFO ] i.g.m.p.ApiProdutoApplication - No active profile set, falling back to default profiles: default
30-09-2021 13:15:21.287 [restartedMain] [INFO ] i.g.m.p.ApiProdutoApplication - Started ApiProdutoApplication in 0.857 seconds (JVM running for 9581.14)
30-09-2021 13:19:28.593 [restartedMain] [INFO ] i.g.m.p.ApiProdutoApplication - Starting ApiProdutoApplication using Java 11.0.11 on CTNDELL55WP8F3 with PID 7644 (C:\Users\guilherme.assis\eclipse-workspace\microservice_produto\target\classes started by guilherme.assis in C:\Users\guilherme.assis\eclipse-workspace\microservice_produto)
30-09-2021 13:19:28.593 [restartedMain] [INFO ] i.g.m.p.ApiProdutoApplication - No active profile set, falling back to default profiles: default
30-09-2021 13:19:29.374 [restartedMain] [INFO ] i.g.m.p.ApiProdutoApplication - Started ApiProdutoApplication in 0.801 seconds (JVM running for 9829.22)
30-09-2021 13:20:23.516 [restartedMain] [INFO ] i.g.m.p.ApiProdutoApplication - Starting ApiProdutoApplication using Java 11.0.11 on CTNDELL55WP8F3 with PID 7644 (C:\Users\guilherme.assis\eclipse-workspace\microservice_produto\target\classes started by guilherme.assis in C:\Users\guilherme.assis\eclipse-workspace\microservice_produto)
30-09-2021 13:20:23.516 [restartedMain] [INFO ] i.g.m.p.ApiProdutoApplication - No active profile set, falling back to default profiles: default
30-09-2021 13:20:24.298 [restartedMain] [INFO ] i.g.m.p.ApiProdutoApplication - Started ApiProdutoApplication in 0.802 seconds (JVM running for 9884.144)
30-09-2021 13:21:22.554 [restartedMain] [INFO ] i.g.m.p.ApiProdutoApplication - Starting ApiProdutoApplication using Java 11.0.11 on CTNDELL55WP8F3 with PID 7644 (C:\Users\guilherme.assis\eclipse-workspace\microservice_produto\target\classes started by guilherme.assis in C:\Users\guilherme.assis\eclipse-workspace\microservice_produto)
30-09-2021 13:21:22.554 [restartedMain] [INFO ] i.g.m.p.ApiProdutoApplication - No active profile set, falling back to default profiles: default
30-09-2021 13:21:23.343 [restartedMain] [INFO ] i.g.m.p.ApiProdutoApplication - Started ApiProdutoApplication in 0.809 seconds (JVM running for 9943.189)
30-09-2021 13:21:53.085 [http-nio-9000-exec-2] [ERROR] i.g.m.p.s.AutenticacaoService - Token Inválido: 
30-09-2021 13:21:53.091 [http-nio-9000-exec-2] [INFO ] i.g.m.p.c.AutenticacaoController - UsernamePasswordAuthenticationToken [Principal=teste@email.com, Credentials=[PROTECTED], Authenticated=false, Details=null, Granted Authorities=[]]
30-09-2021 13:21:53.174 [http-nio-9000-exec-2] [INFO ] i.g.m.p.s.AutenticacaoService - Usuario: User(id=1, username=teste@email.com, password=$2a$10$BJSggF3fARSQJJ3zs/Rf4u./Mg21G3g4GlD.Ps/rYCVFpXeGq5ut., perfis=[])
30-09-2021 13:21:53.253 [http-nio-9000-exec-2] [INFO ] i.g.m.p.s.AutenticacaoService - Informações de usuario logado: User(id=1, username=teste@email.com, password=$2a$10$BJSggF3fARSQJJ3zs/Rf4u./Mg21G3g4GlD.Ps/rYCVFpXeGq5ut., perfis=[])
30-09-2021 13:21:53.254 [http-nio-9000-exec-2] [INFO ] i.g.m.p.s.AutenticacaoService - Data: Thu Sep 30 13:21:53 BRT 2021
30-09-2021 13:21:53.254 [http-nio-9000-exec-2] [INFO ] i.g.m.p.s.AutenticacaoService - Data de expiração do token: Fri Oct 01 13:21:53 BRT 2021
30-09-2021 13:21:53.255 [http-nio-9000-exec-2] [INFO ] i.g.m.p.c.AutenticacaoController - eyJhbGciOiJIUzI1NiJ9.eyJpc3MiOiJQcm9kdWN0cyIsInN1YiI6IjEiLCJpYXQiOjE2MzMwMTg5MTMsImV4cCI6MTYzMzEwNTMxM30.HSpmaqLwyiigiP_BZjLrv1stNgXinMGsYCahoxIk9X8
30-09-2021 13:23:58.455 [restartedMain] [INFO ] i.g.m.p.ApiProdutoApplication - Starting ApiProdutoApplication using Java 11.0.11 on CTNDELL55WP8F3 with PID 7644 (C:\Users\guilherme.assis\eclipse-workspace\microservice_produto\target\classes started by guilherme.assis in C:\Users\guilherme.assis\eclipse-workspace\microservice_produto)
30-09-2021 13:23:58.455 [restartedMain] [INFO ] i.g.m.p.ApiProdutoApplication - No active profile set, falling back to default profiles: default
30-09-2021 13:23:59.263 [restartedMain] [INFO ] i.g.m.p.ApiProdutoApplication - Started ApiProdutoApplication in 0.831 seconds (JVM running for 10099.11)
30-09-2021 13:24:16.593 [http-nio-9000-exec-2] [ERROR] i.g.m.p.s.AutenticacaoService - Token Inválido: 
30-09-2021 13:24:16.600 [http-nio-9000-exec-2] [INFO ] i.g.m.p.c.AutenticacaoController - Dados login: UsernamePasswordAuthenticationToken [Principal=teste@email.com, Credentials=[PROTECTED], Authenticated=false, Details=null, Granted Authorities=[]]
30-09-2021 13:24:16.683 [http-nio-9000-exec-2] [INFO ] i.g.m.p.s.AutenticacaoService - Usuario: User(id=1, username=teste@email.com, password=$2a$10$BJSggF3fARSQJJ3zs/Rf4u./Mg21G3g4GlD.Ps/rYCVFpXeGq5ut., perfis=[])
30-09-2021 13:24:16.766 [http-nio-9000-exec-2] [INFO ] i.g.m.p.c.AutenticacaoController - Autenticação: UsernamePasswordAuthenticationToken [Principal=User(id=1, username=teste@email.com, password=$2a$10$BJSggF3fARSQJJ3zs/Rf4u./Mg21G3g4GlD.Ps/rYCVFpXeGq5ut., perfis=[]), Credentials=[PROTECTED], Authenticated=true, Details=null, Granted Authorities=[]]
30-09-2021 13:24:16.766 [http-nio-9000-exec-2] [INFO ] i.g.m.p.s.AutenticacaoService - Informações de usuario logado: User(id=1, username=teste@email.com, password=$2a$10$BJSggF3fARSQJJ3zs/Rf4u./Mg21G3g4GlD.Ps/rYCVFpXeGq5ut., perfis=[])
30-09-2021 13:24:16.766 [http-nio-9000-exec-2] [INFO ] i.g.m.p.s.AutenticacaoService - Data: Thu Sep 30 13:24:16 BRT 2021
30-09-2021 13:24:16.766 [http-nio-9000-exec-2] [INFO ] i.g.m.p.s.AutenticacaoService - Data de expiração do token: Fri Oct 01 13:24:16 BRT 2021
30-09-2021 13:24:16.767 [http-nio-9000-exec-2] [INFO ] i.g.m.p.c.AutenticacaoController - Token gerado: eyJhbGciOiJIUzI1NiJ9.eyJpc3MiOiJQcm9kdWN0cyIsInN1YiI6IjEiLCJpYXQiOjE2MzMwMTkwNTYsImV4cCI6MTYzMzEwNTQ1Nn0.bfZc7EMAQ_bp4t15OjgsLQV5Sww2k_uqK34cwcI7juI
30-09-2021 13:25:14.736 [http-nio-9000-exec-3] [ERROR] i.g.m.p.s.AutenticacaoService - Token Inválido: 
30-09-2021 13:25:14.737 [http-nio-9000-exec-3] [INFO ] i.g.m.p.c.AutenticacaoController - Dados login: UsernamePasswordAuthenticationToken [Principal=teste@email.com, Credentials=[PROTECTED], Authenticated=false, Details=null, Granted Authorities=[]]
30-09-2021 13:25:14.739 [http-nio-9000-exec-3] [INFO ] i.g.m.p.s.AutenticacaoService - Usuario: User(id=1, username=teste@email.com, password=$2a$10$BJSggF3fARSQJJ3zs/Rf4u./Mg21G3g4GlD.Ps/rYCVFpXeGq5ut., perfis=[])
30-09-2021 13:25:14.819 [http-nio-9000-exec-3] [ERROR] i.g.m.p.c.AutenticacaoController - Token não gerado, autenticação falhou
30-09-2021 13:25:38.715 [restartedMain] [INFO ] i.g.m.p.ApiProdutoApplication - Starting ApiProdutoApplication using Java 11.0.11 on CTNDELL55WP8F3 with PID 7644 (C:\Users\guilherme.assis\eclipse-workspace\microservice_produto\target\classes started by guilherme.assis in C:\Users\guilherme.assis\eclipse-workspace\microservice_produto)
30-09-2021 13:25:38.715 [restartedMain] [INFO ] i.g.m.p.ApiProdutoApplication - No active profile set, falling back to default profiles: default
30-09-2021 13:25:39.666 [restartedMain] [INFO ] i.g.m.p.ApiProdutoApplication - Started ApiProdutoApplication in 0.973 seconds (JVM running for 10199.512)
30-09-2021 13:25:41.722 [http-nio-9000-exec-2] [ERROR] i.g.m.p.s.AutenticacaoService - Token Inválido: 
30-09-2021 13:25:41.726 [http-nio-9000-exec-2] [INFO ] i.g.m.p.c.AutenticacaoController - Dados login: UsernamePasswordAuthenticationToken [Principal=teste@email.com, Credentials=[PROTECTED], Authenticated=false, Details=null, Granted Authorities=[]]
30-09-2021 13:25:41.809 [http-nio-9000-exec-2] [INFO ] i.g.m.p.s.AutenticacaoService - Usuario: User(id=1, username=teste@email.com, password=$2a$10$BJSggF3fARSQJJ3zs/Rf4u./Mg21G3g4GlD.Ps/rYCVFpXeGq5ut., perfis=[])
30-09-2021 13:25:41.894 [http-nio-9000-exec-2] [ERROR] i.g.m.p.c.AutenticacaoController - Token não gerado, autenticação falhou
30-09-2021 13:26:16.378 [restartedMain] [INFO ] i.g.m.p.ApiProdutoApplication - Starting ApiProdutoApplication using Java 11.0.11 on CTNDELL55WP8F3 with PID 7644 (C:\Users\guilherme.assis\eclipse-workspace\microservice_produto\target\classes started by guilherme.assis in C:\Users\guilherme.assis\eclipse-workspace\microservice_produto)
30-09-2021 13:26:16.378 [restartedMain] [INFO ] i.g.m.p.ApiProdutoApplication - No active profile set, falling back to default profiles: default
30-09-2021 13:26:17.164 [restartedMain] [INFO ] i.g.m.p.ApiProdutoApplication - Started ApiProdutoApplication in 0.806 seconds (JVM running for 10237.01)
30-09-2021 13:28:24.174 [restartedMain] [INFO ] i.g.m.p.ApiProdutoApplication - Starting ApiProdutoApplication using Java 11.0.11 on CTNDELL55WP8F3 with PID 7644 (C:\Users\guilherme.assis\eclipse-workspace\microservice_produto\target\classes started by guilherme.assis in C:\Users\guilherme.assis\eclipse-workspace\microservice_produto)
30-09-2021 13:28:24.174 [restartedMain] [INFO ] i.g.m.p.ApiProdutoApplication - No active profile set, falling back to default profiles: default
30-09-2021 13:28:24.998 [restartedMain] [INFO ] i.g.m.p.ApiProdutoApplication - Started ApiProdutoApplication in 0.844 seconds (JVM running for 10364.844)
30-09-2021 13:28:27.193 [http-nio-9000-exec-2] [INFO ] i.g.m.p.s.AutenticacaoToken - Token: null
30-09-2021 13:28:27.198 [http-nio-9000-exec-2] [ERROR] i.g.m.p.s.AutenticacaoService - Token Inválido: 
30-09-2021 13:28:27.198 [http-nio-9000-exec-2] [INFO ] i.g.m.p.s.AutenticacaoToken - Validação do tokent: false
30-09-2021 13:28:27.205 [http-nio-9000-exec-2] [INFO ] i.g.m.p.c.AutenticacaoController - Dados login: UsernamePasswordAuthenticationToken [Principal=teste@email.com, Credentials=[PROTECTED], Authenticated=false, Details=null, Granted Authorities=[]]
30-09-2021 13:28:27.290 [http-nio-9000-exec-2] [INFO ] i.g.m.p.s.AutenticacaoService - Usuario: User(id=1, username=teste@email.com, password=$2a$10$BJSggF3fARSQJJ3zs/Rf4u./Mg21G3g4GlD.Ps/rYCVFpXeGq5ut., perfis=[])
30-09-2021 13:28:27.372 [http-nio-9000-exec-2] [ERROR] i.g.m.p.c.AutenticacaoController - Token não gerado, autenticação falhou
30-09-2021 13:28:32.180 [http-nio-9000-exec-4] [INFO ] i.g.m.p.s.AutenticacaoToken - Token: null
30-09-2021 13:28:32.180 [http-nio-9000-exec-4] [ERROR] i.g.m.p.s.AutenticacaoService - Token Inválido: 
30-09-2021 13:28:32.180 [http-nio-9000-exec-4] [INFO ] i.g.m.p.s.AutenticacaoToken - Validação do tokent: false
30-09-2021 13:28:32.181 [http-nio-9000-exec-4] [INFO ] i.g.m.p.c.AutenticacaoController - Dados login: UsernamePasswordAuthenticationToken [Principal=teste@email.com, Credentials=[PROTECTED], Authenticated=false, Details=null, Granted Authorities=[]]
30-09-2021 13:28:32.184 [http-nio-9000-exec-4] [INFO ] i.g.m.p.s.AutenticacaoService - Usuario: User(id=1, username=teste@email.com, password=$2a$10$BJSggF3fARSQJJ3zs/Rf4u./Mg21G3g4GlD.Ps/rYCVFpXeGq5ut., perfis=[])
30-09-2021 13:28:32.265 [http-nio-9000-exec-4] [INFO ] i.g.m.p.c.AutenticacaoController - Autenticação: UsernamePasswordAuthenticationToken [Principal=User(id=1, username=teste@email.com, password=$2a$10$BJSggF3fARSQJJ3zs/Rf4u./Mg21G3g4GlD.Ps/rYCVFpXeGq5ut., perfis=[]), Credentials=[PROTECTED], Authenticated=true, Details=null, Granted Authorities=[]]
30-09-2021 13:28:32.265 [http-nio-9000-exec-4] [INFO ] i.g.m.p.s.AutenticacaoService - Informações de usuario logado: User(id=1, username=teste@email.com, password=$2a$10$BJSggF3fARSQJJ3zs/Rf4u./Mg21G3g4GlD.Ps/rYCVFpXeGq5ut., perfis=[])
30-09-2021 13:28:32.266 [http-nio-9000-exec-4] [INFO ] i.g.m.p.s.AutenticacaoService - Data: Thu Sep 30 13:28:32 BRT 2021
30-09-2021 13:28:32.266 [http-nio-9000-exec-4] [INFO ] i.g.m.p.s.AutenticacaoService - Data de expiração do token: Fri Oct 01 13:28:32 BRT 2021
30-09-2021 13:28:32.270 [http-nio-9000-exec-4] [INFO ] i.g.m.p.c.AutenticacaoController - Token gerado: eyJhbGciOiJIUzI1NiJ9.eyJpc3MiOiJQcm9kdWN0cyIsInN1YiI6IjEiLCJpYXQiOjE2MzMwMTkzMTIsImV4cCI6MTYzMzEwNTcxMn0.2xNORnrdIMUUqOEBDl95Aty58HVzcmn8ntKQxTO4l6o
30-09-2021 13:30:38.528 [restartedMain] [INFO ] i.g.m.p.ApiProdutoApplication - Starting ApiProdutoApplication using Java 11.0.11 on CTNDELL55WP8F3 with PID 7644 (C:\Users\guilherme.assis\eclipse-workspace\microservice_produto\target\classes started by guilherme.assis in C:\Users\guilherme.assis\eclipse-workspace\microservice_produto)
30-09-2021 13:30:38.528 [restartedMain] [INFO ] i.g.m.p.ApiProdutoApplication - No active profile set, falling back to default profiles: default
30-09-2021 13:30:39.415 [restartedMain] [INFO ] i.g.m.p.ApiProdutoApplication - Started ApiProdutoApplication in 0.907 seconds (JVM running for 10499.26)
30-09-2021 13:30:41.112 [restartedMain] [INFO ] i.g.m.p.ApiProdutoApplication - Starting ApiProdutoApplication using Java 11.0.11 on CTNDELL55WP8F3 with PID 7644 (C:\Users\guilherme.assis\eclipse-workspace\microservice_produto\target\classes started by guilherme.assis in C:\Users\guilherme.assis\eclipse-workspace\microservice_produto)
30-09-2021 13:30:41.112 [restartedMain] [INFO ] i.g.m.p.ApiProdutoApplication - No active profile set, falling back to default profiles: default
30-09-2021 13:30:41.891 [restartedMain] [INFO ] i.g.m.p.ApiProdutoApplication - Started ApiProdutoApplication in 0.801 seconds (JVM running for 10501.737)
30-09-2021 13:30:48.224 [http-nio-9000-exec-2] [INFO ] i.g.m.p.s.AutenticacaoToken - Token: null
30-09-2021 13:30:48.228 [http-nio-9000-exec-2] [ERROR] i.g.m.p.s.AutenticacaoService - Token Inválido: 
30-09-2021 13:30:48.228 [http-nio-9000-exec-2] [INFO ] i.g.m.p.s.AutenticacaoToken - Validação do tokent: false
30-09-2021 13:30:48.234 [http-nio-9000-exec-2] [INFO ] i.g.m.p.c.AutenticacaoController - Dados login: UsernamePasswordAuthenticationToken [Principal=teste@email.com, Credentials=[PROTECTED], Authenticated=false, Details=null, Granted Authorities=[]]
30-09-2021 13:30:48.402 [http-nio-9000-exec-2] [INFO ] i.g.m.p.c.AutenticacaoController - Autenticação: UsernamePasswordAuthenticationToken [Principal=User(id=1, username=teste@email.com, password=$2a$10$BJSggF3fARSQJJ3zs/Rf4u./Mg21G3g4GlD.Ps/rYCVFpXeGq5ut., perfis=[]), Credentials=[PROTECTED], Authenticated=true, Details=null, Granted Authorities=[]]
30-09-2021 13:30:48.402 [http-nio-9000-exec-2] [INFO ] i.g.m.p.s.AutenticacaoService - Informações de usuario logado: User(id=1, username=teste@email.com, password=$2a$10$BJSggF3fARSQJJ3zs/Rf4u./Mg21G3g4GlD.Ps/rYCVFpXeGq5ut., perfis=[])
30-09-2021 13:30:48.402 [http-nio-9000-exec-2] [INFO ] i.g.m.p.s.AutenticacaoService - Data: Thu Sep 30 13:30:48 BRT 2021
30-09-2021 13:30:48.402 [http-nio-9000-exec-2] [INFO ] i.g.m.p.s.AutenticacaoService - Data de expiração do token: Fri Oct 01 13:30:48 BRT 2021
30-09-2021 13:30:48.403 [http-nio-9000-exec-2] [INFO ] i.g.m.p.c.AutenticacaoController - Token gerado: eyJhbGciOiJIUzI1NiJ9.eyJpc3MiOiJQcm9kdWN0cyIsInN1YiI6IjEiLCJpYXQiOjE2MzMwMTk0NDgsImV4cCI6MTYzMzEwNTg0OH0.mzKs9CnRabrbcrRmi4bQSDG4V95KtFh6mrjkDX4XNTI
30-09-2021 13:31:44.211 [restartedMain] [INFO ] i.g.m.p.ApiProdutoApplication - Starting ApiProdutoApplication using Java 11.0.11 on CTNDELL55WP8F3 with PID 7644 (C:\Users\guilherme.assis\eclipse-workspace\microservice_produto\target\classes started by guilherme.assis in C:\Users\guilherme.assis\eclipse-workspace\microservice_produto)
30-09-2021 13:31:44.211 [restartedMain] [INFO ] i.g.m.p.ApiProdutoApplication - No active profile set, falling back to default profiles: default
30-09-2021 13:31:45.032 [restartedMain] [INFO ] i.g.m.p.ApiProdutoApplication - Started ApiProdutoApplication in 0.841 seconds (JVM running for 10564.877)
30-09-2021 13:31:46.693 [http-nio-9000-exec-2] [INFO ] i.g.m.p.s.AutenticacaoToken - Token: null
30-09-2021 13:31:46.696 [http-nio-9000-exec-2] [ERROR] i.g.m.p.s.AutenticacaoService - Token Inválido: 
30-09-2021 13:31:46.696 [http-nio-9000-exec-2] [INFO ] i.g.m.p.s.AutenticacaoToken - Validação do tokent: false
30-09-2021 13:31:46.700 [http-nio-9000-exec-2] [INFO ] i.g.m.p.c.AutenticacaoController - Dados login: UsernamePasswordAuthenticationToken [Principal=teste@email.com, Credentials=[PROTECTED], Authenticated=false, Details=null, Granted Authorities=[]]
30-09-2021 13:31:46.864 [http-nio-9000-exec-2] [INFO ] i.g.m.p.c.AutenticacaoController - Autenticação: UsernamePasswordAuthenticationToken [Principal=User(id=1, username=teste@email.com, password=$2a$10$BJSggF3fARSQJJ3zs/Rf4u./Mg21G3g4GlD.Ps/rYCVFpXeGq5ut., perfis=[]), Credentials=[PROTECTED], Authenticated=true, Details=null, Granted Authorities=[]]
30-09-2021 13:31:46.865 [http-nio-9000-exec-2] [INFO ] i.g.m.p.s.AutenticacaoService - Informações de usuario logado: User(id=1, username=teste@email.com, password=$2a$10$BJSggF3fARSQJJ3zs/Rf4u./Mg21G3g4GlD.Ps/rYCVFpXeGq5ut., perfis=[])
30-09-2021 13:31:46.865 [http-nio-9000-exec-2] [INFO ] i.g.m.p.s.AutenticacaoService - Data de geração: Thu Sep 30 13:31:46 BRT 2021
30-09-2021 13:31:46.865 [http-nio-9000-exec-2] [INFO ] i.g.m.p.s.AutenticacaoService - Data de expiração do token: Fri Oct 01 13:31:46 BRT 2021
30-09-2021 13:31:46.865 [http-nio-9000-exec-2] [INFO ] i.g.m.p.c.AutenticacaoController - Token gerado: eyJhbGciOiJIUzI1NiJ9.eyJpc3MiOiJQcm9kdWN0cyIsInN1YiI6IjEiLCJpYXQiOjE2MzMwMTk1MDYsImV4cCI6MTYzMzEwNTkwNn0.UVYQDVHqKsXFVz1l64jINC-6zy9sG9gFcNO7LkNjGZ0
30-09-2021 13:32:08.366 [restartedMain] [INFO ] i.g.m.p.ApiProdutoApplication - Starting ApiProdutoApplication using Java 11.0.11 on CTNDELL55WP8F3 with PID 7644 (C:\Users\guilherme.assis\eclipse-workspace\microservice_produto\target\classes started by guilherme.assis in C:\Users\guilherme.assis\eclipse-workspace\microservice_produto)
30-09-2021 13:32:08.367 [restartedMain] [INFO ] i.g.m.p.ApiProdutoApplication - No active profile set, falling back to default profiles: default
30-09-2021 13:32:09.191 [restartedMain] [INFO ] i.g.m.p.ApiProdutoApplication - Started ApiProdutoApplication in 0.851 seconds (JVM running for 10589.037)
30-09-2021 13:32:33.627 [http-nio-9000-exec-2] [INFO ] i.g.m.p.s.AutenticacaoToken - Token: eyJhbGciOiJIUzI1NiJ9.eyJpc3MiOiJQcm9kdWN0cyIsInN1YiI6IjEiLCJpYXQiOjE2MzMwMDg5NTEsImV4cCI6MTYzMzA5NTM1MX0.e0bP6e_ZnfAjPRWKARAyzEk6s5qPTnNR46pXu7-pzYM
30-09-2021 13:32:33.631 [http-nio-9000-exec-2] [INFO ] i.g.m.p.s.AutenticacaoService - Token válidoeyJhbGciOiJIUzI1NiJ9.eyJpc3MiOiJQcm9kdWN0cyIsInN1YiI6IjEiLCJpYXQiOjE2MzMwMDg5NTEsImV4cCI6MTYzMzA5NTM1MX0.e0bP6e_ZnfAjPRWKARAyzEk6s5qPTnNR46pXu7-pzYM
30-09-2021 13:32:33.631 [http-nio-9000-exec-2] [INFO ] i.g.m.p.s.AutenticacaoToken - Validação do tokent: true
30-09-2021 13:32:33.632 [http-nio-9000-exec-2] [INFO ] i.g.m.p.s.AutenticacaoService - Objeto recuparod: {iss=Products, sub=1, iat=1633008951, exp=1633095351}
30-09-2021 13:32:33.651 [http-nio-9000-exec-2] [INFO ] i.g.m.p.s.ProductService - [Product(id=13, nome=Mouse, marca=Rede vida, descricao=caixa com 8 comprimidos, preco=3.99)]
30-09-2021 13:32:33.652 [http-nio-9000-exec-2] [INFO ] i.g.m.p.c.ProductController - [ProductDtoResponse(id=13, nome=Mouse, marca=Rede vida, descricao=caixa com 8 comprimidos, preco=3.99)]
30-09-2021 13:33:46.451 [restartedMain] [INFO ] i.g.m.p.ApiProdutoApplication - Starting ApiProdutoApplication using Java 11.0.11 on CTNDELL55WP8F3 with PID 7644 (C:\Users\guilherme.assis\eclipse-workspace\microservice_produto\target\classes started by guilherme.assis in C:\Users\guilherme.assis\eclipse-workspace\microservice_produto)
30-09-2021 13:33:46.451 [restartedMain] [INFO ] i.g.m.p.ApiProdutoApplication - No active profile set, falling back to default profiles: default
30-09-2021 13:33:47.464 [restartedMain] [INFO ] i.g.m.p.ApiProdutoApplication - Started ApiProdutoApplication in 1.036 seconds (JVM running for 10687.309)
30-09-2021 13:38:13.748 [restartedMain] [INFO ] i.g.m.p.ApiProdutoApplication - Starting ApiProdutoApplication using Java 11.0.11 on CTNDELL55WP8F3 with PID 7644 (C:\Users\guilherme.assis\eclipse-workspace\microservice_produto\target\classes started by guilherme.assis in C:\Users\guilherme.assis\eclipse-workspace\microservice_produto)
30-09-2021 13:38:13.748 [restartedMain] [INFO ] i.g.m.p.ApiProdutoApplication - No active profile set, falling back to default profiles: default
30-09-2021 13:38:14.532 [restartedMain] [INFO ] i.g.m.p.ApiProdutoApplication - Started ApiProdutoApplication in 0.802 seconds (JVM running for 10954.377)
30-09-2021 13:38:46.795 [http-nio-9000-exec-4] [INFO ] i.g.m.p.s.AutenticacaoToken - Token: null
30-09-2021 13:38:46.800 [http-nio-9000-exec-4] [ERROR] i.g.m.p.s.AutenticacaoService - Token Inválido: 
30-09-2021 13:38:46.800 [http-nio-9000-exec-4] [INFO ] i.g.m.p.s.AutenticacaoToken - Validação do tokent: false
30-09-2021 13:38:46.813 [http-nio-9000-exec-4] [INFO ] i.g.m.p.s.ProductService - [Product(id=1, nome=Mouse, marca=Dell, descricao=Produto sem estoque, preco=120.00)]
30-09-2021 13:38:46.814 [http-nio-9000-exec-4] [INFO ] i.g.m.p.c.ProductController - [ProductDtoResponse(id=1, nome=Mouse, marca=Dell, descricao=Produto sem estoque, preco=120.00)]
30-09-2021 13:39:14.810 [http-nio-9000-exec-5] [INFO ] i.g.m.p.s.AutenticacaoToken - Token: null
30-09-2021 13:39:14.811 [http-nio-9000-exec-5] [ERROR] i.g.m.p.s.AutenticacaoService - Token Inválido: 
30-09-2021 13:39:14.811 [http-nio-9000-exec-5] [INFO ] i.g.m.p.s.AutenticacaoToken - Validação do tokent: false
30-09-2021 13:39:14.814 [http-nio-9000-exec-5] [INFO ] i.g.m.p.s.ProductService - [Product(id=2, nome=Teclado, marca=Dell, descricao=indisponivel no estoque, preco=150.00)]
30-09-2021 13:39:14.814 [http-nio-9000-exec-5] [INFO ] i.g.m.p.c.ProductController - [ProductDtoResponse(id=2, nome=Teclado, marca=Dell, descricao=indisponivel no estoque, preco=150.00)]
30-09-2021 13:40:47.717 [restartedMain] [INFO ] i.g.m.p.ApiProdutoApplication - Starting ApiProdutoApplication using Java 11.0.11 on CTNDELL55WP8F3 with PID 7644 (C:\Users\guilherme.assis\eclipse-workspace\microservice_produto\target\classes started by guilherme.assis in C:\Users\guilherme.assis\eclipse-workspace\microservice_produto)
30-09-2021 13:40:47.717 [restartedMain] [INFO ] i.g.m.p.ApiProdutoApplication - No active profile set, falling back to default profiles: default
30-09-2021 13:40:48.578 [restartedMain] [INFO ] i.g.m.p.ApiProdutoApplication - Started ApiProdutoApplication in 0.881 seconds (JVM running for 11108.424)
